<?xml version="1.0" encoding="UTF-8"?>
<testsuite name="com.bluenucleus.DemoApplicationTests" tests="1" skipped="0" failures="0" errors="0" timestamp="2024-12-30T01:41:27" hostname="Maxwells-MBP.hsd1.mi.comcast.net" time="0.889">
  <properties/>
  <testcase name="contextLoads()" classname="com.bluenucleus.DemoApplicationTests" time="0.889"/>
  <system-out><![CDATA[20:41:24.506 [Test worker] INFO org.springframework.test.context.support.AnnotationConfigContextLoaderUtils -- Could not detect default configuration classes for test class [com.bluenucleus.DemoApplicationTests]: DemoApplicationTests does not declare any static, non-private, non-final, nested classes annotated with @Configuration.
20:41:24.633 [Test worker] INFO org.springframework.boot.test.context.SpringBootTestContextBootstrapper -- Found @SpringBootConfiguration com.bluenucleus.App for test class com.bluenucleus.DemoApplicationTests

  .   ____          _            __ _ _
 /\\ / ___'_ __ _ _(_)_ __  __ _ \ \ \ \
( ( )\___ | '_ | '_| | '_ \/ _` | \ \ \ \
 \\/  ___)| |_)| | | | | || (_| |  ) ) ) )
  '  |____| .__|_| |_|_| |_\__, | / / / /
 =========|_|==============|___/=/_/_/_/

 :: Spring Boot ::                (v3.4.1)

2024-12-29T20:41:25.183-05:00  INFO 16979 --- [bluenucleus] [    Test worker] com.bluenucleus.DemoApplicationTests     : Starting DemoApplicationTests using Java 17.0.11 with PID 16979 (started by maxwellmulder in /Users/maxwellmulder/code/blue-nucleus-web-app/backend)
2024-12-29T20:41:25.184-05:00  INFO 16979 --- [bluenucleus] [    Test worker] com.bluenucleus.DemoApplicationTests     : No active profile set, falling back to 1 default profile: "default"
2024-12-29T20:41:27.031-05:00  INFO 16979 --- [bluenucleus] [    Test worker] com.bluenucleus.DemoApplicationTests     : Started DemoApplicationTests in 2.255 seconds (process running for 3.583)
]]></system-out>
  <system-err><![CDATA[]]></system-err>
</testsuite>
